INFO  [2023-12-12 20:48:45] MSstats - dataProcess function
INFO  [2023-12-12 20:48:45] Summary method: TMP
INFO  [2023-12-12 20:48:45] censoredInt: NA
INFO  [2023-12-12 20:48:45] ** Features with one or two measurements across runs are removed.
INFO  [2023-12-12 20:48:45] ** Fractionation handled.
INFO  [2023-12-12 20:48:47] ** Updated quantification data to make balanced design. Missing values are marked by NA
INFO  [2023-12-12 20:48:47] 

INFO  [2023-12-12 20:48:48] Logarithm transformation with base 2 is done
INFO  [2023-12-12 20:48:48] Factorize in columns(GROUP, SUBJECT, GROUP_ORIGINAL, SUBJECT_ORIGINAL, FEATURE, RUN)
Normalization based on median: OK [2023-12-12 20:48:49] 
INFO  [2023-12-12 20:48:49] ** Log2 intensities under cutoff = 13.254  were considered as censored missing values.
INFO  [2023-12-12 20:48:49] ** Log2 intensities = NA were considered as censored missing values.
INFO  [2023-12-12 20:48:49] ** Use all features that the dataset originally has.
INFO  [2023-12-12 20:48:49] 
 # proteins: 1554
 # peptides per protein: 1-484
 # features per peptide: 1-1
INFO  [2023-12-12 20:48:49] Some proteins have only one feature: 
 A0A024QYU9,A1KYQ7,B4DVQ5,B5ME19,Q99613,Q99613-2,
 A0A024QYX3,P98179,
 A0A024QZD5,A8KAQ5,P08621,P08621-2,P08621-3,
 A0A024QZY5,Q13523,
 A0A024R023,Q9UHG0 ...
INFO  [2023-12-12 20:48:50] 
                    Ctrl_CP Ctrl_noCP Q-FLAG_CP Q-FLAG_noCP
             # runs       2         2         4           4
    # bioreplicates       1         1         2           2
 # tech. replicates       2         2         2           2
INFO  [2023-12-12 20:48:50] Some features are completely missing in at least one condition:  
 MREDYDSVEQDGDEPGPQR_NA_NA_NA,
 MALVLEALPQIAAK_NA_NA_NA,
 NVVLQTLEGHLR_NA_NA_NA,
 ALLADAQLMLDHLK_NA_NA_NA,
 RFDSELSQAHEEAQREK_NA_NA_NA ...
INFO  [2023-12-12 20:48:50] == Start the summarization per subplot...
INFO  [2023-12-12 20:48:52] == Summarization is done.
